<?xml version="1.0" encoding="UTF-8"?>
<testsuite name="TestSuite" time="81.738" tests="8" errors="0" skipped="0" failures="0">
  <properties>
[...]
</properties>
  <testcase name="WorkflowRunTest_1_ZipperV2-1.0-SNAPSHOT" classname="ca.on.oicr.pde.common.WorkflowRunTest" time="0.217"/>
  <testcase name="WorkflowRunTest_0_ZipperV2-1.0-SNAPSHOT" classname="ca.on.oicr.pde.common.WorkflowRunTest" time="0.218"/>
  <testcase name="WorkflowRunTest_0_ZipperV2-1.0-SNAPSHOT" classname="ca.on.oicr.pde.common.WorkflowRunTest" time="80.823"/>
  <testcase name="WorkflowRunTest_1_ZipperV2-1.0-SNAPSHOT" classname="ca.on.oicr.pde.common.WorkflowRunTest" time="0.001"/>
  <testcase name="WorkflowRunTest_0_ZipperV2-1.0-SNAPSHOT" classname="ca.on.oicr.pde.common.WorkflowRunTest" time="0.002"/>
  <testcase name="WorkflowRunTest_1_ZipperV2-1.0-SNAPSHOT" classname="ca.on.oicr.pde.common.WorkflowRunTest" time="0.004"/>
  <testcase name="WorkflowRunTest_1_ZipperV2-1.0-SNAPSHOT" classname="ca.on.oicr.pde.common.WorkflowRunTest" time="0.205"/>
  <testcase name="WorkflowRunTest_0_ZipperV2-1.0-SNAPSHOT" classname="ca.on.oicr.pde.common.WorkflowRunTest" time="0.268"/>
</testsuite>