<?xml version="1.0" encoding="UTF-8"?>
<!-- Generated by org.testng.reporters.JUnitXMLReporter -->
<testsuite hostname="cobalt" name="Test1" tests="8" failures="0" timestamp="22 Jan 2014 21:36:10 GMT" time="81.395" errors="0">
  <testcase name="WorkflowRunTest_1_ZipperV2-1.0-SNAPSHOT" time="0.217" classname="ca.on.oicr.pde.common.WorkflowRunTest"/>
  <testcase name="WorkflowRunTest_0_ZipperV2-1.0-SNAPSHOT" time="0.221" classname="ca.on.oicr.pde.common.WorkflowRunTest"/>
  <testcase name="WorkflowRunTest_0_ZipperV2-1.0-SNAPSHOT" time="80.825" classname="ca.on.oicr.pde.common.WorkflowRunTest"/>
  <testcase name="WorkflowRunTest_1_ZipperV2-1.0-SNAPSHOT" time="80.832" classname="ca.on.oicr.pde.common.WorkflowRunTest"/>
  <testcase name="WorkflowRunTest_0_ZipperV2-1.0-SNAPSHOT" time="0.0060" classname="ca.on.oicr.pde.common.WorkflowRunTest"/>
  <testcase name="WorkflowRunTest_1_ZipperV2-1.0-SNAPSHOT" time="0.0040" classname="ca.on.oicr.pde.common.WorkflowRunTest"/>
  <testcase name="WorkflowRunTest_1_ZipperV2-1.0-SNAPSHOT" time="0.209" classname="ca.on.oicr.pde.common.WorkflowRunTest"/>
  <testcase name="WorkflowRunTest_0_ZipperV2-1.0-SNAPSHOT" time="0.268" classname="ca.on.oicr.pde.common.WorkflowRunTest"/>
</testsuite> <!-- Test1 -->
